Step: build-step-credential-initializer-68t68:

{"level":"warn","ts":1555695475.4795587,"logger":"fallback-logger","caller":"logging/config.go:65","msg":"Fetch GitHub commit ID from kodata failed: \"ref: refs/heads/backport-container-name-fix\" is not a valid GitHub commit ID"}
{"level":"info","ts":1555695475.4801564,"logger":"fallback-logger","caller":"creds-init/main.go:40","msg":"Credentials initialized."}
Step: build-step-git-source-*****-**-go-master-q7chj:

{"level":"warn","ts":1555695476.591689,"logger":"fallback-logger","caller":"logging/config.go:65","msg":"Fetch GitHub commit ID from kodata failed: \"ref: refs/heads/backport-container-name-fix\" is not a valid GitHub commit ID"}
{"level":"info","ts":1555695476.8080635,"logger":"fallback-logger","caller":"git-init/main.go:99","msg":"Successfully cloned \"https://github.com/*****/**-go\" @ \"v0.0.1\" in path \"/workspace/source\""}
Step: build-step-place-tools:

Step: build-step-git-merge:

Warning failed to load version: failed to parse version -dev+9e73adc0b: No Major.Minor.Patch elements found
time="2019-04-19T17:37:58Z" level=info msg="got "
Using SHAs from PULL_REFS=master:
time="2019-04-19T17:37:58Z" level=warning msg="no SHAs to merge, falling back to initial cloned commit"
Step: build-step-setup-**-git-credentials:

{"level":"info","msg":"Generated Git credentials file /workspace/xdg_config/git/credentials\n","time":"2019-04-19T17:38:00Z"}
Step: build-step-build-make-build:

CGO_ENABLED=0 GO15VENDOREXPERIMENT=1 go build -ldflags '' -o bin/**-go main.go
Step: build-step-build-container-build:

[36mINFO[0m[0000] No base image, nothing to extract            
[36mINFO[0m[0000] cmd: EXPOSE                                  
[36mINFO[0m[0000] Adding exposed port: 8080/tcp                
[36mINFO[0m[0000] Using files from context: [/workspace/source/bin] 
[36mINFO[0m[0000] Skipping unpacking as no commands require it. 
[36mINFO[0m[0000] Taking snapshot of full filesystem...        
[36mINFO[0m[0000] EXPOSE 8080                                  
[36mINFO[0m[0000] cmd: EXPOSE                                  
[36mINFO[0m[0000] Adding exposed port: 8080/tcp                
[36mINFO[0m[0000] No files changed in this command, skipping snapshotting. 
[36mINFO[0m[0000] ENTRYPOINT ["/**-go"]                        
[36mINFO[0m[0000] No files changed in this command, skipping snapshotting. 
[36mINFO[0m[0000] Using files from context: [/workspace/source/bin] 
[36mINFO[0m[0000] COPY ./bin/ /                                
[36mINFO[0m[0000] Taking snapshot of files...                  
ERROR: logging before flag.Parse: E0419 17:38:09.191208      11 metadata.go:159] while reading 'google-dockercfg-url' metadata: http status code: 404 while fetching url http://metadata.google.internal./computeMetadata/v1/instance/attributes/google-dockercfg-url
ERROR: logging before flag.Parse: E0419 17:38:09.199969      11 metadata.go:142] while reading 'google-dockercfg' metadata: http status code: 404 while fetching url http://metadata.google.internal./computeMetadata/v1/instance/attributes/google-dockercfg
2019/04/19 17:38:09 pushed blob: sha256:c89624f0cd8aa14d98b5bffd47fd610ec3d3563634ea55c46f5052c0282564fb
2019/04/19 17:38:09 pushed blob: sha256:5c7a284946a234e6182068f3020739bf1abc6934d1d819041a1b7f5b34f10336
2019/04/19 17:38:09 10.35.250.148:5000/*****/**-go:0.0.1: digest: sha256:adf308296f9df376295db9ce7819ddca17d4208ed5996438640e7b5712e16976 size: 428
Step: build-step-build-post-build:

{"level":"info","msg":"no CVE provider running in the current ** namespace so skip adding image to be analysed","time":"2019-04-19T17:38:11Z"}
Step: build-step-promote-changelog:

{"level":"info","msg":"Converted /workspace/source/charts/**-go to an unshallow repository\n","time":"2019-04-19T17:38:13Z"}
{"level":"info","msg":"Generating change log from git ref 3d0dd6f4b865ad0b949772e76256f522e302c04b =\u003e 2a5e1d7ae5cd6f2449b2589921aa3614115e783d\n","time":"2019-04-19T17:38:13Z"}
{"level":"warning","msg":"Failed to enrich commits with issues: User.jenkins.io \"\" is invalid: metadata.name: Required value: name or generateName is required\n","time":"2019-04-19T17:38:13Z"}
{"level":"warning","msg":"Failed to enrich commits with issues: User.jenkins.io \"\" is invalid: metadata.name: Required value: name or generateName is required\n","time":"2019-04-19T17:38:13Z"}
{"level":"info","msg":"Finding issues in commit messages using git format\n","time":"2019-04-19T17:38:13Z"}
{"level":"warning","msg":"No release found for *****/**-go and tag v0.0.1 so creating a new release\n","time":"2019-04-19T17:38:14Z"}
{"level":"info","msg":"Updated the release information at https://github.com/*****/**-go/releases/tag/v0.0.1\n","time":"2019-04-19T17:38:14Z"}
{"level":"info","msg":"generated: /workspace/source/charts/**-go/templates/release.yaml\n","time":"2019-04-19T17:38:14Z"}
{"level":"info","msg":"Created Release **-go-0-0-1 resource in namespace **\n","time":"2019-04-19T17:38:14Z"}
{"level":"info","msg":"Updating PipelineActivity *****-**-go-master-1 with version 0.0.1\n","time":"2019-04-19T17:38:14Z"}
{"level":"info","msg":"Updated PipelineActivities *****-**-go-master-1 with release notes URL: https://github.com/*****/**-go/releases/tag/v0.0.1\n","time":"2019-04-19T17:38:15Z"}
Step: build-step-promote-helm-release:

{"level":"warning","msg":"No $CHART_REPOSITORY defined so using the default value of: http://jenkins-x-chartmuseum:8080\n","time":"2019-04-19T17:38:16Z"}
{"level":"info","msg":"Adding missing Helm repo: chartmuseum.jenkins-x.io http://chartmuseum.jenkins-x.io\n","time":"2019-04-19T17:38:17Z"}
{"level":"info","msg":"Successfully added Helm repository chartmuseum.jenkins-x.io.\n","time":"2019-04-19T17:38:18Z"}
{"level":"info","msg":"Adding missing Helm repo: jenkins-x-chartmuseum http://jenkins-x-chartmuseum:8080\n","time":"2019-04-19T17:38:18Z"}
{"level":"info","msg":"Successfully added Helm repository jenkins-x-chartmuseum.\n","time":"2019-04-19T17:38:18Z"}
{"level":"warning","msg":"No $CHART_REPOSITORY defined so using the default value of: http://jenkins-x-chartmuseum:8080\n","time":"2019-04-19T17:38:19Z"}
{"level":"info","msg":"Uploading chart file **-go-0.0.1.tgz to http://jenkins-x-chartmuseum:8080/api/charts\n","time":"2019-04-19T17:38:19Z"}
{"level":"info","msg":"Received 201 response: {\"saved\":true}\n","time":"2019-04-19T17:38:19Z"}
Step: build-step-promote-**-promote:

{"level":"warning","msg":"prow based install so skip waiting for the merge of Pull Requests to go green as currently there is an issue with gettingstatuses from the PR, see https://github.com/jenkins-x/**/issues/2410","time":"2019-04-19T17:38:20Z"}
{"level":"info","msg":"Promoting app **-go version 0.0.1 to namespace **-staging\n","time":"2019-04-19T17:38:20Z"}
{"level":"info","msg":"Created Pull Request: https://github.com/*****/environment-**-staging/pull/2\n\n","time":"2019-04-19T17:38:23Z"}
{"level":"info","msg":"Pull Request https://github.com/*****/environment-**-staging/pull/2 is merged at sha 0a1420f875b20f0b65960c3b154e3c9c31ca6cf6\n","time":"2019-04-19T17:38:47Z"}
{"level":"info","msg":"Pull Request merged but we are not waiting for the update pipeline to complete!","time":"2019-04-19T17:38:47Z"}
{"level":"warning","msg":"Could not find the service URL in namespace **-staging for names **-go, **-**-go, **-staging-**-go\n","time":"2019-04-19T17:38:47Z"}
